android/app/build/intermediates/manifest_merge_blame_file/debug/manifest-merger-blame-debug-report.txt
1<?xml version="1.0" encoding="utf-8"?>
2<manifest xmlns:android="http://schemas.android.com/apk/res/android"
3    package="com.apex"
4    android:versionCode="1"
5    android:versionName="1.0" >
6
7    <uses-sdk
8        android:minSdkVersion="21"
9        android:targetSdkVersion="29" />
10
11    <uses-permission android:name="android.permission.SYSTEM_ALERT_WINDOW" />
11-->src\debug\AndroidManifest.xml:5:5-77
11-->src\debug\AndroidManifest.xml:5:22-75
12    <uses-permission android:name="android.permission.INTERNET" />
12-->src\main\AndroidManifest.xml:4:5-67
12-->src\main\AndroidManifest.xml:4:22-64
13    <uses-permission android:name="android.permission.WRITE_CALENDAR" />
13-->src\main\AndroidManifest.xml:5:5-74
13-->src\main\AndroidManifest.xml:5:23-71
14    <uses-permission android:name="android.permission.WAKE_LOCK" />
14-->src\main\AndroidManifest.xml:6:1-64
14-->src\main\AndroidManifest.xml:6:18-61
15
16    <permission
17        android:name="com.apex.permission.C2D_MESSAGE"
18        android:protectionLevel="signature" />
19
20    <uses-permission android:name="com.apex.permission.C2D_MESSAGE" />
21    <uses-permission android:name="android.permission.VIBRATE" />
21-->src\main\AndroidManifest.xml:11:1-62
21-->src\main\AndroidManifest.xml:11:18-59
22    <uses-permission android:name="android.permission.RECEIVE_BOOT_COMPLETED" />
22-->src\main\AndroidManifest.xml:12:1-76
22-->src\main\AndroidManifest.xml:12:18-74
23    <uses-permission android:name="android.permission.ACCESS_WIFI_STATE" />
23-->[com.facebook.flipper:flipper:0.75.1] AndroidManifest.xml:16:5-76
23-->[com.facebook.flipper:flipper:0.75.1] AndroidManifest.xml:16:22-73
24    <uses-permission android:name="android.permission.READ_CALENDAR" />
24-->[:react-native-calendar-events] AndroidManifest.xml:12:5-72
24-->[:react-native-calendar-events] AndroidManifest.xml:12:22-69
25    <uses-permission android:name="android.permission.ACCESS_NETWORK_STATE" /> <!-- Required by older versions of Google Play services to create IID tokens -->
25-->[com.google.firebase:firebase-messaging:22.0.0] AndroidManifest.xml:22:5-79
25-->[com.google.firebase:firebase-messaging:22.0.0] AndroidManifest.xml:22:22-76
26    <uses-permission android:name="com.google.android.c2dm.permission.RECEIVE" />
26-->[com.google.firebase:firebase-messaging:22.0.0] AndroidManifest.xml:25:5-82
26-->[com.google.firebase:firebase-messaging:22.0.0] AndroidManifest.xml:25:22-79
27    <uses-permission android:name="com.google.android.finsky.permission.BIND_GET_INSTALL_REFERRER_SERVICE" /> <!-- for android -->
27-->[com.google.android.gms:play-services-measurement:19.0.0] AndroidManifest.xml:26:5-110
27-->[com.google.android.gms:play-services-measurement:19.0.0] AndroidManifest.xml:26:22-107
28    <!-- <uses-permission android:name="com.android.launcher.permission.READ_SETTINGS"/> -->
29    <!-- <uses-permission android:name="com.android.launcher.permission.WRITE_SETTINGS"/> -->
30    <!-- <uses-permission android:name="com.android.launcher.permission.INSTALL_SHORTCUT" /> -->
31    <!-- <uses-permission android:name="com.android.launcher.permission.UNINSTALL_SHORTCUT" /> -->
32    <!-- for Samsung -->
33    <uses-permission android:name="com.sec.android.provider.badge.permission.READ" />
33-->[me.leolin:ShortcutBadger:1.1.22] AndroidManifest.xml:19:5-86
33-->[me.leolin:ShortcutBadger:1.1.22] AndroidManifest.xml:19:22-83
34    <uses-permission android:name="com.sec.android.provider.badge.permission.WRITE" /> <!-- for htc -->
34-->[me.leolin:ShortcutBadger:1.1.22] AndroidManifest.xml:20:5-87
34-->[me.leolin:ShortcutBadger:1.1.22] AndroidManifest.xml:20:22-84
35    <uses-permission android:name="com.htc.launcher.permission.READ_SETTINGS" />
35-->[me.leolin:ShortcutBadger:1.1.22] AndroidManifest.xml:23:5-81
35-->[me.leolin:ShortcutBadger:1.1.22] AndroidManifest.xml:23:22-78
36    <uses-permission android:name="com.htc.launcher.permission.UPDATE_SHORTCUT" /> <!-- for sony -->
36-->[me.leolin:ShortcutBadger:1.1.22] AndroidManifest.xml:24:5-83
36-->[me.leolin:ShortcutBadger:1.1.22] AndroidManifest.xml:24:22-80
37    <uses-permission android:name="com.sonyericsson.home.permission.BROADCAST_BADGE" />
37-->[me.leolin:ShortcutBadger:1.1.22] AndroidManifest.xml:27:5-88
37-->[me.leolin:ShortcutBadger:1.1.22] AndroidManifest.xml:27:22-85
38    <uses-permission android:name="com.sonymobile.home.permission.PROVIDER_INSERT_BADGE" /> <!-- for apex -->
38-->[me.leolin:ShortcutBadger:1.1.22] AndroidManifest.xml:28:5-92
38-->[me.leolin:ShortcutBadger:1.1.22] AndroidManifest.xml:28:22-89
39    <uses-permission android:name="com.anddoes.launcher.permission.UPDATE_COUNT" /> <!-- for solid -->
39-->[me.leolin:ShortcutBadger:1.1.22] AndroidManifest.xml:31:5-84
39-->[me.leolin:ShortcutBadger:1.1.22] AndroidManifest.xml:31:22-81
40    <uses-permission android:name="com.majeur.launcher.permission.UPDATE_BADGE" /> <!-- for huawei -->
40-->[me.leolin:ShortcutBadger:1.1.22] AndroidManifest.xml:34:5-83
40-->[me.leolin:ShortcutBadger:1.1.22] AndroidManifest.xml:34:22-80
41    <uses-permission android:name="com.huawei.android.launcher.permission.CHANGE_BADGE" />
41-->[me.leolin:ShortcutBadger:1.1.22] AndroidManifest.xml:37:5-91
41-->[me.leolin:ShortcutBadger:1.1.22] AndroidManifest.xml:37:22-88
42    <uses-permission android:name="com.huawei.android.launcher.permission.READ_SETTINGS" />
42-->[me.leolin:ShortcutBadger:1.1.22] AndroidManifest.xml:38:5-92
42-->[me.leolin:ShortcutBadger:1.1.22] AndroidManifest.xml:38:22-89
43    <uses-permission android:name="com.huawei.android.launcher.permission.WRITE_SETTINGS" /> <!-- for ZUK -->
43-->[me.leolin:ShortcutBadger:1.1.22] AndroidManifest.xml:39:5-93
43-->[me.leolin:ShortcutBadger:1.1.22] AndroidManifest.xml:39:22-90
44    <uses-permission android:name="android.permission.READ_APP_BADGE" /> <!-- for OPPO -->
44-->[me.leolin:ShortcutBadger:1.1.22] AndroidManifest.xml:42:5-73
44-->[me.leolin:ShortcutBadger:1.1.22] AndroidManifest.xml:42:22-70
45    <uses-permission android:name="com.oppo.launcher.permission.READ_SETTINGS" />
45-->[me.leolin:ShortcutBadger:1.1.22] AndroidManifest.xml:45:5-82
45-->[me.leolin:ShortcutBadger:1.1.22] AndroidManifest.xml:45:22-79
46    <uses-permission android:name="com.oppo.launcher.permission.WRITE_SETTINGS" /> <!-- for EvMe -->
46-->[me.leolin:ShortcutBadger:1.1.22] AndroidManifest.xml:46:5-83
46-->[me.leolin:ShortcutBadger:1.1.22] AndroidManifest.xml:46:22-80
47    <uses-permission android:name="me.everything.badger.permission.BADGE_COUNT_READ" />
47-->[me.leolin:ShortcutBadger:1.1.22] AndroidManifest.xml:49:5-88
47-->[me.leolin:ShortcutBadger:1.1.22] AndroidManifest.xml:49:22-85
48    <uses-permission android:name="me.everything.badger.permission.BADGE_COUNT_WRITE" />
48-->[me.leolin:ShortcutBadger:1.1.22] AndroidManifest.xml:50:5-89
48-->[me.leolin:ShortcutBadger:1.1.22] AndroidManifest.xml:50:22-86
49
50    <application
50-->src\main\AndroidManifest.xml:14:5-57:19
51        android:name="com.apex.MainApplication"
51-->src\main\AndroidManifest.xml:15:7-38
52        android:allowBackup="false"
52-->src\main\AndroidManifest.xml:19:7-34
53        android:appComponentFactory="androidx.core.app.CoreComponentFactory"
53-->[androidx.core:core:1.3.1] AndroidManifest.xml:24:18-86
54        android:debuggable="true"
55        android:icon="@mipmap/ic_launcher"
55-->src\main\AndroidManifest.xml:17:7-41
56        android:label="@string/app_name"
56-->src\main\AndroidManifest.xml:16:7-39
57        android:roundIcon="@mipmap/ic_launcher_round"
57-->src\main\AndroidManifest.xml:18:7-52
58        android:theme="@style/AppTheme"
58-->src\main\AndroidManifest.xml:20:7-38
59        android:usesCleartextTraffic="true" >
59-->src\debug\AndroidManifest.xml:8:9-44
60        <activity android:name="com.facebook.react.devsupport.DevSettingsActivity" />
60-->src\debug\AndroidManifest.xml:11:9-86
60-->src\debug\AndroidManifest.xml:11:19-83
61        <activity
61-->src\main\AndroidManifest.xml:21:7-31:18
62            android:name="com.apex.MainActivity"
62-->src\main\AndroidManifest.xml:22:9-37
63            android:configChanges="keyboard|keyboardHidden|orientation|screenSize|uiMode"
63-->src\main\AndroidManifest.xml:24:9-86
64            android:label="@string/app_name"
64-->src\main\AndroidManifest.xml:23:9-41
65            android:launchMode="singleTask"
65-->src\main\AndroidManifest.xml:25:9-40
66            android:windowSoftInputMode="adjustResize" >
66-->src\main\AndroidManifest.xml:26:9-51
67            <intent-filter>
67-->src\main\AndroidManifest.xml:27:9-30:25
68                <action android:name="android.intent.action.MAIN" />
68-->src\main\AndroidManifest.xml:28:13-65
68-->src\main\AndroidManifest.xml:28:21-62
69
70                <category android:name="android.intent.category.LAUNCHER" />
70-->src\main\AndroidManifest.xml:29:13-73
70-->src\main\AndroidManifest.xml:29:23-70
71            </intent-filter>
72        </activity> <!-- Change the value to true to enable pop-up for in foreground on receiving remote notifications (for prevent duplicating while showing local notifications set this to false) -->
73        <meta-data
73-->src\main\AndroidManifest.xml:33:9-34:44
74            android:name="com.dieam.reactnativepushnotification.notification_foreground"
74-->src\main\AndroidManifest.xml:33:21-97
75            android:value="false" /> <!-- Change the resource name to your App's accent color - or any other color you want -->
75-->src\main\AndroidManifest.xml:34:21-42
76        <meta-data
76-->src\main\AndroidManifest.xml:36:9-37:54
77            android:name="com.dieam.reactnativepushnotification.notification_color"
77-->src\main\AndroidManifest.xml:36:21-92
78            android:resource="@color/white" /> <!-- or @android:color/{name} to use a standard color -->
78-->src\main\AndroidManifest.xml:37:21-52
79        <meta-data
79-->src\main\AndroidManifest.xml:38:21-39:55
80            android:name="com.dieam.reactnativepushnotification.notification_channel_name"
80-->src\main\AndroidManifest.xml:38:33-111
81            android:value="YOUR NOTIFICATION CHANNEL NAME" />
81-->src\main\AndroidManifest.xml:39:7-53
82        <meta-data
82-->src\main\AndroidManifest.xml:40:1-41:62
83            android:name="com.dieam.reactnativepushnotification.notification_channel_description"
83-->src\main\AndroidManifest.xml:40:13-98
84            android:value="YOUR NOTIFICATION CHANNEL DESCRIPTION" />
84-->src\main\AndroidManifest.xml:41:7-60
85
86        <receiver android:name="com.dieam.reactnativepushnotification.modules.RNPushNotificationPublisher" />
86-->src\main\AndroidManifest.xml:43:8-109
86-->src\main\AndroidManifest.xml:43:18-106
87        <receiver android:name="com.dieam.reactnativepushnotification.modules.RNPushNotificationBootEventReceiver" >
87-->src\main\AndroidManifest.xml:44:9-48:20
87-->src\main\AndroidManifest.xml:44:19-115
88            <intent-filter>
88-->src\main\AndroidManifest.xml:45:13-47:29
89                <action android:name="android.intent.action.BOOT_COMPLETED" />
89-->src\main\AndroidManifest.xml:46:17-79
89-->src\main\AndroidManifest.xml:46:25-76
90            </intent-filter>
91        </receiver>
92
93        <service android:name="com.dieam.reactnativepushnotification.modules.RNPushNotificationRegistrationService" />
93-->src\main\AndroidManifest.xml:49:9-118
93-->src\main\AndroidManifest.xml:49:18-116
94        <service
94-->src\main\AndroidManifest.xml:50:9-56:19
95            android:name="com.dieam.reactnativepushnotification.modules.RNPushNotificationListenerService"
95-->src\main\AndroidManifest.xml:51:13-107
96            android:exported="false" >
96-->src\main\AndroidManifest.xml:52:13-37
97            <intent-filter>
97-->src\main\AndroidManifest.xml:53:13-55:29
98                <action android:name="com.google.firebase.MESSAGING_EVENT" />
98-->src\main\AndroidManifest.xml:54:17-78
98-->src\main\AndroidManifest.xml:54:25-75
99            </intent-filter>
100        </service>
101
102        <provider
102-->[:react-native-image-picker] AndroidManifest.xml:12:9-20:20
103            android:name="com.imagepicker.ImagePickerProvider"
103-->[:react-native-image-picker] AndroidManifest.xml:13:13-63
104            android:authorities="com.apex.imagepickerprovider"
104-->[:react-native-image-picker] AndroidManifest.xml:14:13-71
105            android:exported="false"
105-->[:react-native-image-picker] AndroidManifest.xml:15:13-37
106            android:grantUriPermissions="true" >
106-->[:react-native-image-picker] AndroidManifest.xml:16:13-47
107            <meta-data
107-->[:react-native-image-picker] AndroidManifest.xml:17:13-19:70
108                android:name="android.support.FILE_PROVIDER_PATHS"
108-->[:react-native-image-picker] AndroidManifest.xml:18:17-67
109                android:resource="@xml/imagepicker_provider_paths" />
109-->[:react-native-image-picker] AndroidManifest.xml:19:17-67
110        </provider>
111
112        <receiver
112-->[com.google.firebase:firebase-messaging:22.0.0] AndroidManifest.xml:28:9-35:20
113            android:name="com.google.firebase.iid.FirebaseInstanceIdReceiver"
113-->[com.google.firebase:firebase-messaging:22.0.0] AndroidManifest.xml:29:13-78
114            android:exported="true"
114-->[com.google.firebase:firebase-messaging:22.0.0] AndroidManifest.xml:30:13-36
115            android:permission="com.google.android.c2dm.permission.SEND" >
115-->[com.google.firebase:firebase-messaging:22.0.0] AndroidManifest.xml:31:13-73
116            <intent-filter>
116-->[com.google.firebase:firebase-messaging:22.0.0] AndroidManifest.xml:32:13-34:29
117                <action android:name="com.google.android.c2dm.intent.RECEIVE" />
117-->[com.google.firebase:firebase-messaging:22.0.0] AndroidManifest.xml:33:17-81
117-->[com.google.firebase:firebase-messaging:22.0.0] AndroidManifest.xml:33:25-78
118            </intent-filter>
119        </receiver>
120        <!--
121             FirebaseMessagingService performs security checks at runtime,
122             but set to not exported to explicitly avoid allowing another app to call it.
123        -->
124        <service
124-->[com.google.firebase:firebase-messaging:22.0.0] AndroidManifest.xml:41:9-48:19
125            android:name="com.google.firebase.messaging.FirebaseMessagingService"
125-->[com.google.firebase:firebase-messaging:22.0.0] AndroidManifest.xml:42:13-82
126            android:directBootAware="true"
126-->[com.google.firebase:firebase-messaging:22.0.0] AndroidManifest.xml:43:13-43
127            android:exported="false" >
127-->[com.google.firebase:firebase-messaging:22.0.0] AndroidManifest.xml:44:13-37
128            <intent-filter android:priority="-500" >
128-->src\main\AndroidManifest.xml:53:13-55:29
129                <action android:name="com.google.firebase.MESSAGING_EVENT" />
129-->src\main\AndroidManifest.xml:54:17-78
129-->src\main\AndroidManifest.xml:54:25-75
130            </intent-filter>
131        </service>
132        <service
132-->[com.google.firebase:firebase-messaging:22.0.0] AndroidManifest.xml:49:9-55:19
133            android:name="com.google.firebase.components.ComponentDiscoveryService"
133-->[com.google.firebase:firebase-messaging:22.0.0] AndroidManifest.xml:50:13-84
134            android:directBootAware="true"
134-->[com.google.firebase:firebase-common:20.0.0] AndroidManifest.xml:35:13-43
135            android:exported="false" >
135-->[com.google.firebase:firebase-messaging:22.0.0] AndroidManifest.xml:51:13-37
136            <meta-data
136-->[com.google.firebase:firebase-messaging:22.0.0] AndroidManifest.xml:52:13-54:85
137                android:name="com.google.firebase.components:com.google.firebase.messaging.FirebaseMessagingRegistrar"
137-->[com.google.firebase:firebase-messaging:22.0.0] AndroidManifest.xml:53:17-119
138                android:value="com.google.firebase.components.ComponentRegistrar" />
138-->[com.google.firebase:firebase-messaging:22.0.0] AndroidManifest.xml:54:17-82
139            <meta-data
139-->[com.google.firebase:firebase-datatransport:18.0.0] AndroidManifest.xml:28:13-30:85
140                android:name="com.google.firebase.components:com.google.firebase.datatransport.TransportRegistrar"
140-->[com.google.firebase:firebase-datatransport:18.0.0] AndroidManifest.xml:29:17-115
141                android:value="com.google.firebase.components.ComponentRegistrar" />
141-->[com.google.firebase:firebase-datatransport:18.0.0] AndroidManifest.xml:30:17-82
142            <meta-data
142-->[com.google.android.gms:play-services-measurement-api:19.0.0] AndroidManifest.xml:30:13-32:85
143                android:name="com.google.firebase.components:com.google.firebase.analytics.connector.internal.AnalyticsConnectorRegistrar"
143-->[com.google.android.gms:play-services-measurement-api:19.0.0] AndroidManifest.xml:31:17-139
144                android:value="com.google.firebase.components.ComponentRegistrar" />
144-->[com.google.android.gms:play-services-measurement-api:19.0.0] AndroidManifest.xml:32:17-82
145            <meta-data
145-->[com.google.firebase:firebase-installations:17.0.0] AndroidManifest.xml:18:13-20:85
146                android:name="com.google.firebase.components:com.google.firebase.installations.FirebaseInstallationsRegistrar"
146-->[com.google.firebase:firebase-installations:17.0.0] AndroidManifest.xml:19:17-127
147                android:value="com.google.firebase.components.ComponentRegistrar" />
147-->[com.google.firebase:firebase-installations:17.0.0] AndroidManifest.xml:20:17-82
148        </service>
149        <service
149-->[com.google.android.datatransport:transport-backend-cct:3.0.0] AndroidManifest.xml:29:9-35:19
150            android:name="com.google.android.datatransport.runtime.backends.TransportBackendDiscovery"
150-->[com.google.android.datatransport:transport-backend-cct:3.0.0] AndroidManifest.xml:30:13-103
151            android:exported="false" >
151-->[com.google.android.datatransport:transport-backend-cct:3.0.0] AndroidManifest.xml:31:13-37
152            <meta-data
152-->[com.google.android.datatransport:transport-backend-cct:3.0.0] AndroidManifest.xml:32:13-34:39
153                android:name="backend:com.google.android.datatransport.cct.CctBackendFactory"
153-->[com.google.android.datatransport:transport-backend-cct:3.0.0] AndroidManifest.xml:33:17-94
154                android:value="cct" />
154-->[com.google.android.datatransport:transport-backend-cct:3.0.0] AndroidManifest.xml:34:17-36
155        </service>
156
157        <provider
157-->[com.google.firebase:firebase-common:20.0.0] AndroidManifest.xml:26:9-31:39
158            android:name="com.google.firebase.provider.FirebaseInitProvider"
158-->[com.google.firebase:firebase-common:20.0.0] AndroidManifest.xml:27:13-77
159            android:authorities="com.apex.firebaseinitprovider"
159-->[com.google.firebase:firebase-common:20.0.0] AndroidManifest.xml:28:13-72
160            android:directBootAware="true"
160-->[com.google.firebase:firebase-common:20.0.0] AndroidManifest.xml:29:13-43
161            android:exported="false"
161-->[com.google.firebase:firebase-common:20.0.0] AndroidManifest.xml:30:13-37
162            android:initOrder="100" />
162-->[com.google.firebase:firebase-common:20.0.0] AndroidManifest.xml:31:13-36
163
164        <service
164-->[com.google.android.datatransport:transport-runtime:3.0.0] AndroidManifest.xml:26:9-30:19
165            android:name="com.google.android.datatransport.runtime.scheduling.jobscheduling.JobInfoSchedulerService"
165-->[com.google.android.datatransport:transport-runtime:3.0.0] AndroidManifest.xml:27:13-117
166            android:exported="false"
166-->[com.google.android.datatransport:transport-runtime:3.0.0] AndroidManifest.xml:28:13-37
167            android:permission="android.permission.BIND_JOB_SERVICE" >
167-->[com.google.android.datatransport:transport-runtime:3.0.0] AndroidManifest.xml:29:13-69
168        </service>
169
170        <receiver
170-->[com.google.android.datatransport:transport-runtime:3.0.0] AndroidManifest.xml:32:9-34:40
171            android:name="com.google.android.datatransport.runtime.scheduling.jobscheduling.AlarmManagerSchedulerBroadcastReceiver"
171-->[com.google.android.datatransport:transport-runtime:3.0.0] AndroidManifest.xml:33:13-132
172            android:exported="false" />
172-->[com.google.android.datatransport:transport-runtime:3.0.0] AndroidManifest.xml:34:13-37
173        <receiver
173-->[com.google.android.gms:play-services-measurement:19.0.0] AndroidManifest.xml:29:9-33:20
174            android:name="com.google.android.gms.measurement.AppMeasurementReceiver"
174-->[com.google.android.gms:play-services-measurement:19.0.0] AndroidManifest.xml:30:13-85
175            android:enabled="true"
175-->[com.google.android.gms:play-services-measurement:19.0.0] AndroidManifest.xml:31:13-35
176            android:exported="false" >
176-->[com.google.android.gms:play-services-measurement:19.0.0] AndroidManifest.xml:32:13-37
177        </receiver>
178
179        <service
179-->[com.google.android.gms:play-services-measurement:19.0.0] AndroidManifest.xml:35:9-38:40
180            android:name="com.google.android.gms.measurement.AppMeasurementService"
180-->[com.google.android.gms:play-services-measurement:19.0.0] AndroidManifest.xml:36:13-84
181            android:enabled="true"
181-->[com.google.android.gms:play-services-measurement:19.0.0] AndroidManifest.xml:37:13-35
182            android:exported="false" />
182-->[com.google.android.gms:play-services-measurement:19.0.0] AndroidManifest.xml:38:13-37
183        <service
183-->[com.google.android.gms:play-services-measurement:19.0.0] AndroidManifest.xml:39:9-43:72
184            android:name="com.google.android.gms.measurement.AppMeasurementJobService"
184-->[com.google.android.gms:play-services-measurement:19.0.0] AndroidManifest.xml:40:13-87
185            android:enabled="true"
185-->[com.google.android.gms:play-services-measurement:19.0.0] AndroidManifest.xml:41:13-35
186            android:exported="false"
186-->[com.google.android.gms:play-services-measurement:19.0.0] AndroidManifest.xml:42:13-37
187            android:permission="android.permission.BIND_JOB_SERVICE" />
187-->[com.google.android.gms:play-services-measurement:19.0.0] AndroidManifest.xml:43:13-69
188
189        <meta-data
189-->[com.google.android.gms:play-services-basement:17.0.0] AndroidManifest.xml:23:9-25:69
190            android:name="com.google.android.gms.version"
190-->[com.google.android.gms:play-services-basement:17.0.0] AndroidManifest.xml:24:13-58
191            android:value="@integer/google_play_services_version" />
191-->[com.google.android.gms:play-services-basement:17.0.0] AndroidManifest.xml:25:13-66
192    </application>
193
194</manifest>